<?xml version="1.0" encoding="UTF-8"?>
<testsuite name="test.collective.SimpleAgedKacheTest" tests="4" skipped="0" failures="0" errors="0" timestamp="2024-02-01T01:03:48" hostname="MAINRIG" time="0.017">
  <properties/>
  <testcase name="getExpired" classname="test.collective.SimpleAgedKacheTest" time="0.017"/>
  <testcase name="get" classname="test.collective.SimpleAgedKacheTest" time="0.0"/>
  <testcase name="size" classname="test.collective.SimpleAgedKacheTest" time="0.0"/>
  <testcase name="isEmpty" classname="test.collective.SimpleAgedKacheTest" time="0.0"/>
  <system-out><![CDATA[]]></system-out>
  <system-err><![CDATA[]]></system-err>
</testsuite>
